[debug] [2021-08-09T12:58:54.327Z] ----------------------------------------------------------------------
[debug] [2021-08-09T12:58:54.329Z] Command:       C:\Program Files\nodejs\node.exe C:\Users\Anthony\AppData\Roaming\npm\node_modules\firebase-tools\lib\bin\firebase.js deploy
[debug] [2021-08-09T12:58:54.330Z] CLI Version:   9.16.0
[debug] [2021-08-09T12:58:54.330Z] Platform:      win32
[debug] [2021-08-09T12:58:54.330Z] Node Version:  v14.16.0
[debug] [2021-08-09T12:58:54.393Z] Time:          Mon Aug 09 2021 08:58:54 GMT-0400 (Eastern Daylight Time)
[debug] [2021-08-09T12:58:54.393Z] ----------------------------------------------------------------------
[debug] 
[debug] [2021-08-09T12:58:54.455Z] > command requires scopes: ["email","openid","https://www.googleapis.com/auth/cloudplatformprojects.readonly","https://www.googleapis.com/auth/firebase","https://www.googleapis.com/auth/cloud-platform"]
[debug] [2021-08-09T12:58:54.456Z] > authorizing via signed-in user (langlant@mail.gvsu.edu)
[debug] [2021-08-09T12:58:54.456Z] [iam] checking project klementine for permissions ["firebase.projects.get","firebasehosting.sites.update"]
[debug] [2021-08-09T12:58:54.458Z] > refreshing access token with scopes: ["email","https://www.googleapis.com/auth/cloud-platform","https://www.googleapis.com/auth/cloudplatformprojects.readonly","https://www.googleapis.com/auth/firebase","openid"]
[debug] [2021-08-09T12:58:54.458Z] >>> HTTP REQUEST POST https://www.googleapis.com/oauth2/v3/token  
 <request body omitted>
[debug] [2021-08-09T12:58:54.643Z] <<< HTTP RESPONSE 200 {"date":"Mon, 09 Aug 2021 12:58:55 GMT","pragma":"no-cache","expires":"Mon, 01 Jan 1990 00:00:00 GMT","cache-control":"no-cache, no-store, max-age=0, must-revalidate","content-type":"application/json; charset=utf-8","vary":"X-Origin, Referer, Origin,Accept-Encoding","server":"scaffolding on HTTPServer2","x-xss-protection":"0","x-frame-options":"SAMEORIGIN","x-content-type-options":"nosniff","alt-svc":"h3=\":443\"; ma=2592000,h3-29=\":443\"; ma=2592000,h3-T051=\":443\"; ma=2592000,h3-Q050=\":443\"; ma=2592000,h3-Q046=\":443\"; ma=2592000,h3-Q043=\":443\"; ma=2592000,quic=\":443\"; ma=2592000; v=\"46,43\"","accept-ranges":"none","transfer-encoding":"chunked"}
[debug] [2021-08-09T12:58:54.774Z] >>> HTTP REQUEST POST https://cloudresourcemanager.googleapis.com/v1/projects/klementine:testIamPermissions  
 {"permissions":["firebase.projects.get","firebasehosting.sites.update"]}
[debug] [2021-08-09T12:58:54.970Z] <<< HTTP RESPONSE 200 {"content-type":"application/json; charset=UTF-8","vary":"X-Origin, Referer, Origin,Accept-Encoding","date":"Mon, 09 Aug 2021 12:58:55 GMT","server":"ESF","cache-control":"private","x-xss-protection":"0","x-frame-options":"SAMEORIGIN","x-content-type-options":"nosniff","server-timing":"gfet4t7; dur=95","alt-svc":"h3=\":443\"; ma=2592000,h3-29=\":443\"; ma=2592000,h3-T051=\":443\"; ma=2592000,h3-Q050=\":443\"; ma=2592000,h3-Q046=\":443\"; ma=2592000,h3-Q043=\":443\"; ma=2592000,quic=\":443\"; ma=2592000; v=\"46,43\"","accept-ranges":"none","transfer-encoding":"chunked"}
[debug] [2021-08-09T12:58:54.971Z] > refreshing access token with scopes: []
[debug] [2021-08-09T12:58:54.971Z] >>> HTTP REQUEST POST https://www.googleapis.com/oauth2/v3/token  
 <request body omitted>
[debug] [2021-08-09T12:58:55.080Z] <<< HTTP RESPONSE 200 {"pragma":"no-cache","date":"Mon, 09 Aug 2021 12:58:55 GMT","cache-control":"no-cache, no-store, max-age=0, must-revalidate","expires":"Mon, 01 Jan 1990 00:00:00 GMT","content-type":"application/json; charset=utf-8","vary":"X-Origin, Referer, Origin,Accept-Encoding","server":"scaffolding on HTTPServer2","x-xss-protection":"0","x-frame-options":"SAMEORIGIN","x-content-type-options":"nosniff","alt-svc":"h3=\":443\"; ma=2592000,h3-29=\":443\"; ma=2592000,h3-T051=\":443\"; ma=2592000,h3-Q050=\":443\"; ma=2592000,h3-Q046=\":443\"; ma=2592000,h3-Q043=\":443\"; ma=2592000,quic=\":443\"; ma=2592000; v=\"46,43\"","accept-ranges":"none","transfer-encoding":"chunked"}
[debug] [2021-08-09T12:58:55.246Z] >>> [apiv2][query] GET https://firebase.googleapis.com/v1beta1/projects/klementine [none]
[debug] [2021-08-09T12:58:55.480Z] <<< [apiv2][status] GET https://firebase.googleapis.com/v1beta1/projects/klementine 200
